============================= test session starts =============================
platform win32 -- Python 3.10.11, pytest-7.4.3, pluggy-1.6.0 -- D:\Program Files\Python3.10\python.exe
cachedir: .pytest_cache
metadata: {'Python': '3.10.11', 'Platform': 'Windows-10-10.0.26200-SP0', 'Packages': {'pytest': '7.4.3', 'pluggy': '1.6.0'}, 'Plugins': {'anyio': '4.12.1', 'asyncio': '0.21.1', 'cov': '4.1.0', 'django': '4.11.1', 'html': '4.1.1', 'metadata': '3.1.1', 'mock': '3.12.0'}}
rootdir: e:\GitHub\Hello-FastApi\service
configfile: pyproject.toml
plugins: anyio-4.12.1, asyncio-0.21.1, cov-4.1.0, django-4.11.1, html-4.1.1, metadata-3.1.1, mock-3.12.0
asyncio: mode=auto
collecting ... collected 1 item

tests/integration/test_api.py::TestAuthEndpoints::test_login_success PASSED [100%]

============================== 1 passed in 1.72s ==============================
